<?xml version="1.0" encoding="UTF-8"?>
<testsuite name="Tutorialninja"
           tests="3"
           failures="0"
           errors="0"
           skipped="0"
           time="5.027">
  <properties />
  
  
            <testcase name="verifyUserShouldNavigateToLaptopsAndNotebooksPageSuccessfully" time="3.085" classname="com.tutorialninja.testsuite.TopMenuTest" />
                <testcase name="verifyUserShouldNavigateToComponentsPageSuccessfully" time="0.703" classname="com.tutorialninja.testsuite.TopMenuTest" />
                <testcase name="verifyUserShouldNavigateToDesktopsPageSuccessfully" time="1.239" classname="com.tutorialninja.testsuite.TopMenuTest" />
      
</testsuite>
