<?xml version="1.0" encoding="UTF-8"?>
<testsuite name="Tutorialninja"
           tests="4"
           failures="0"
           errors="0"
           skipped="0"
           time="10.793">
  <properties />
  
  
            <testcase name="verifyThatUserRegisterAccountSuccessfully" time="5.579" classname="com.tutorialninja.testsuite.MyAccountTest" />
                <testcase name="verifyUserShouldNavigateToLoginPageSuccessfully" time="0.376" classname="com.tutorialninja.testsuite.MyAccountTest" />
                <testcase name="verifyUserShouldNavigateToRegisterPageSuccessfully" time="2.923" classname="com.tutorialninja.testsuite.MyAccountTest" />
                <testcase name="verifyThatUserShouldLoginAndLogoutSuccessfully" time="1.915" classname="com.tutorialninja.testsuite.MyAccountTest" />
      
</testsuite>
